{
  "RSpec": {
    "coverage": {
      "/home/anafelizatti/projeto/universogateiro/app/models/user.rb": {
        "lines": [
          1,
          null,
          null,
          1,
          null,
          1,
          null
        ]
      },
      "/home/anafelizatti/projeto/universogateiro/app/models/application_record.rb": {
        "lines": [
          1,
          1,
          null
        ]
      },
      "/home/anafelizatti/projeto/universogateiro/app/helpers/application_helper.rb": {
        "lines": [
          1,
          null
        ]
      },
      "/home/anafelizatti/projeto/universogateiro/app/helpers/posts_helper.rb": {
        "lines": [
          1,
          null
        ]
      },
      "/home/anafelizatti/projeto/universogateiro/app/controllers/home_controller.rb": {
        "lines": [
          null,
          null,
          1,
          1,
          null
        ]
      },
      "/home/anafelizatti/projeto/universogateiro/app/controllers/application_controller.rb": {
        "lines": [
          1,
          null
        ]
      },
      "/home/anafelizatti/projeto/universogateiro/app/controllers/posts_controller.rb": {
        "lines": [
          null,
          null,
          1,
          1,
          1,
          null,
          1,
          1,
          null,
          null,
          1,
          0,
          null,
          null,
          1,
          0,
          0,
          0,
          null,
          0,
          null,
          null,
          null,
          1,
          1,
          null,
          1,
          0,
          0,
          null,
          0,
          null,
          null,
          null,
          1,
          0,
          0,
          null,
          null,
          1,
          1,
          0,
          null,
          null,
          1,
          0,
          null,
          null,
          null
        ]
      },
      "/home/anafelizatti/projeto/universogateiro/app/models/post.rb": {
        "lines": [
          1,
          1,
          null
        ]
      },
      "/home/anafelizatti/projeto/universogateiro/app/channels/application_cable/channel.rb": {
        "lines": [
          0,
          0,
          0,
          0
        ],
        "branches": {
        }
      },
      "/home/anafelizatti/projeto/universogateiro/app/channels/application_cable/connection.rb": {
        "lines": [
          0,
          0,
          0,
          0
        ],
        "branches": {
        }
      }
    },
    "timestamp": 1620591579
  }
}
